<?xml version="1.0" encoding="UTF-8"?>
<!-- Generated by org.testng.reporters.JUnitReportReporter -->
<testsuite hostname="DEN-P1-SHARMAA" name="com.ascend.core.ddf.testcases.LoginTest" tests="1" failures="0" timestamp="15 May 2017 16:40:42 GMT" time="4.673" errors="0">
  <testcase name="testB" time="4.673" classname="com.ascend.core.ddf.testcases.LoginTest"/>
</testsuite> <!-- com.ascend.core.ddf.testcases.LoginTest -->
