<?xml version="1.0" encoding="UTF-8"?>
<!-- Generated by org.testng.reporters.JUnitReportReporter -->
<testsuite hostname="DEN-P1-SHARMAA" name="com.ascend.core.ddf.testcases.DummyTestC" tests="1" failures="0" timestamp="12 May 2017 19:58:16 GMT" time="0.198" errors="0">
  <testcase name="testC" time="0.198" classname="com.ascend.core.ddf.testcases.DummyTestC"/>
</testsuite> <!-- com.ascend.core.ddf.testcases.DummyTestC -->
