<?xml version="1.0" encoding="UTF-8"?>
<!-- Generated by org.testng.reporters.JUnitReportReporter -->
<testsuite hostname="DEN-P1-SHARMAA" name="com.ascend.core.ddf.testcases.PatientsList" tests="1" failures="0" timestamp="12 May 2017 15:00:52 GMT" time="6.444" errors="0">
  <testcase name="patientList" time="6.444" classname="com.ascend.core.ddf.testcases.PatientsList"/>
</testsuite> <!-- com.ascend.core.ddf.testcases.PatientsList -->
