<?xml version="1.0" encoding="UTF-8"?>
<!-- Generated by org.testng.reporters.JUnitReportReporter -->
<testsuite hostname="DEN-P1-SHARMAA" name="com.ascend.core.ddf.testcases.LoginTest" tests="1" failures="0" timestamp="16 May 2017 15:08:02 GMT" time="11.153" errors="0">
  <testcase name="testB" time="11.153" classname="com.ascend.core.ddf.testcases.LoginTest"/>
</testsuite> <!-- com.ascend.core.ddf.testcases.LoginTest -->
