<?xml version="1.0" encoding="UTF-8"?>
<!-- Generated by org.testng.reporters.JUnitReportReporter -->
<testsuite hostname="DEN-P1-SHARMAA" name="com.ascend.core.ddf.testcases.DummyTestA" tests="3" failures="0" timestamp="12 May 2017 14:58:17 GMT" time="0.009" errors="0">
  <testcase name="testA1" time="0.008" classname="com.ascend.core.ddf.testcases.DummyTestA"/>
  <testcase name="testA2" time="0.000" classname="com.ascend.core.ddf.testcases.DummyTestA"/>
  <testcase name="testA3" time="0.001" classname="com.ascend.core.ddf.testcases.DummyTestA"/>
</testsuite> <!-- com.ascend.core.ddf.testcases.DummyTestA -->
